<?xml version="1.0" encoding="UTF-8"?>
<!-- Generated by org.testng.reporters.JUnitXMLReporter -->
<testsuite ignored="0" hostname="Priya-Ranjith" failures="0" tests="4" name="Default test" time="71.944" errors="0" timestamp="2023-05-15T16:02:23 IST">
  <testcase classname="testScript.DemoTesting" name="login" time="14.314"/>
  <testcase classname="testScript.DemoTesting" name="login" time="13.053"/>
  <testcase classname="testScript.DemoTesting" name="login" time="14.831"/>
  <testcase classname="testScript.DemoTesting" name="login" time="29.686"/>
</testsuite> <!-- Default test -->
