<?xml version="1.0" encoding="UTF-8"?>
<!-- Generated by org.testng.reporters.JUnitXMLReporter -->
<testsuite ignored="0" hostname="Priya-Ranjith" failures="0" tests="3" name="ChromeTest" time="46.921" errors="0" timestamp="2023-05-05T12:26:36 IST">
  <testcase classname="testScript.CreateCustomer" name="createCustomer" time="9.002"/>
  <testcase classname="testScript.CreateCustomer" name="title" time="0.011"/>
  <testcase classname="testScript.CreateCustomer" name="url" time="0.008"/>
</testsuite> <!-- ChromeTest -->
