<?xml version="1.0" encoding="UTF-8"?>
<!-- Generated by org.testng.reporters.JUnitXMLReporter -->
<testsuite ignored="0" hostname="Priya-Ranjith" failures="0" tests="3" name="EdgeTest" time="43.412" errors="0" timestamp="2023-05-05T12:27:20 IST">
  <testcase classname="testScript.CreateCustomer" name="createCustomer" time="9.001"/>
  <testcase classname="testScript.CreateCustomer" name="title" time="0.004"/>
  <testcase classname="testScript.CreateCustomer" name="url" time="0.009"/>
</testsuite> <!-- EdgeTest -->
