<?xml version="1.0" encoding="UTF-8"?>
<!-- Generated by org.testng.reporters.JUnitXMLReporter -->
<testsuite ignored="0" hostname="Priya-Ranjith" failures="0" tests="3" name="Test" time="55.681" errors="0" timestamp="2023-05-11T05:55:53 IST">
  <testcase classname="testScript.CreateCustomer" name="createCustomer" time="8.116"/>
  <testcase classname="testScript.CreateCustomer" name="title" time="0.028"/>
  <testcase classname="testScript.CreateCustomer" name="url" time="0.011"/>
</testsuite> <!-- Test -->
