<?xml version="1.0" encoding="UTF-8"?>
<testng-results ignored="0" total="4" passed="4" failed="0" skipped="0">
  <reporter-output>
  </reporter-output>
  <suite started-at="2023-05-15T16:01:11 IST" name="Default suite" finished-at="2023-05-15T16:02:23 IST" duration-ms="71944">
    <groups>
    </groups>
    <test started-at="2023-05-15T16:01:11 IST" name="Default test" finished-at="2023-05-15T16:02:23 IST" duration-ms="71944">
      <class name="testScript.DemoTesting">
        <test-method signature="login(java.lang.String,java.lang.String)[pri:0, instance:testScript.DemoTesting@9f116cc]" started-at="2023-05-15T16:01:11 IST" name="login" data-provider="dataSupplier" finished-at="2023-05-15T16:01:26 IST" duration-ms="14314" status="PASS">
          <params>
            <param index="0">
              <value>
                <![CDATA[admin]]>
              </value>
            </param>
            <param index="1">
              <value>
                <![CDATA[manager]]>
              </value>
            </param>
          </params>
          <reporter-output>
          </reporter-output>
        </test-method> <!-- login -->
        <test-method signature="login(java.lang.String,java.lang.String)[pri:0, instance:testScript.DemoTesting@9f116cc]" started-at="2023-05-15T16:01:26 IST" name="login" data-provider="dataSupplier" finished-at="2023-05-15T16:01:39 IST" duration-ms="13053" status="PASS">
          <params>
            <param index="0">
              <value>
                <![CDATA[admin1]]>
              </value>
            </param>
            <param index="1">
              <value>
                <![CDATA[manager1]]>
              </value>
            </param>
          </params>
          <reporter-output>
          </reporter-output>
        </test-method> <!-- login -->
        <test-method signature="login(java.lang.String,java.lang.String)[pri:0, instance:testScript.DemoTesting@9f116cc]" started-at="2023-05-15T16:01:39 IST" name="login" data-provider="dataSupplier" finished-at="2023-05-15T16:01:54 IST" duration-ms="14831" status="PASS">
          <params>
            <param index="0">
              <value>
                <![CDATA[admin2]]>
              </value>
            </param>
            <param index="1">
              <value>
                <![CDATA[manager2]]>
              </value>
            </param>
          </params>
          <reporter-output>
          </reporter-output>
        </test-method> <!-- login -->
        <test-method signature="login(java.lang.String,java.lang.String)[pri:0, instance:testScript.DemoTesting@9f116cc]" started-at="2023-05-15T16:01:54 IST" name="login" data-provider="dataSupplier" finished-at="2023-05-15T16:02:23 IST" duration-ms="29686" status="PASS">
          <params>
            <param index="0">
              <value>
                <![CDATA[admin3]]>
              </value>
            </param>
            <param index="1">
              <value>
                <![CDATA[manager3]]>
              </value>
            </param>
          </params>
          <reporter-output>
          </reporter-output>
        </test-method> <!-- login -->
      </class> <!-- testScript.DemoTesting -->
    </test> <!-- Default test -->
  </suite> <!-- Default suite -->
</testng-results>
